-- The C compiler identification is GNU 7.5.0
-- The CXX compiler identification is GNU 7.5.0
-- Check for working C compiler: /usr/bin/cc
-- Check for working C compiler: /usr/bin/cc -- works
-- Detecting C compiler ABI info
-- Detecting C compiler ABI info - done
-- Detecting C compile features
-- Detecting C compile features - done
-- Check for working CXX compiler: /usr/bin/c++
-- Check for working CXX compiler: /usr/bin/c++ -- works
-- Detecting CXX compiler ABI info
-- Detecting CXX compiler ABI info - done
-- Detecting CXX compile features
-- Detecting CXX compile features - done
-- Found Clp: /usr/include  
-- Found CoinUtils: /usr/include  
-- Found Cbc: /usr/include  
-- Found Cgl: /usr/include  
-- Found OSI: /usr/include  
-- Could NOT find concert (missing: CONCERT_INCLUDES CONCERT) 
-- Could NOT find cplex (missing: CPLEX_INCLUDES CPLEX ILOCPLEX) 
-- Configuring done
-- Generating done
-- Build files have been written to: /home/ubuntu18/Desktop/AIRo2-Assignment-2/popf-tif/planner/debug
-- The C compiler identification is GNU 7.5.0
-- The CXX compiler identification is GNU 7.5.0
-- Check for working C compiler: /usr/bin/cc
-- Check for working C compiler: /usr/bin/cc -- works
-- Detecting C compiler ABI info
-- Detecting C compiler ABI info - done
-- Detecting C compile features
-- Detecting C compile features - done
-- Check for working CXX compiler: /usr/bin/c++
-- Check for working CXX compiler: /usr/bin/c++ -- works
-- Detecting CXX compiler ABI info
-- Detecting CXX compiler ABI info - done
-- Detecting CXX compile features
-- Detecting CXX compile features - done
-- Found Clp: /usr/include  
-- Found CoinUtils: /usr/include  
-- Found Cbc: /usr/include  
-- Found Cgl: /usr/include  
-- Found OSI: /usr/include  
-- Could NOT find concert (missing: CONCERT_INCLUDES CONCERT) 
-- Could NOT find cplex (missing: CPLEX_INCLUDES CPLEX ILOCPLEX) 
-- Configuring done
-- Generating done
-- Build files have been written to: /home/ubuntu18/Desktop/AIRo2-Assignment-2/popf-tif/planner/release
If cmake succeeded (i.e. no errors such as missing libraries were reported),
you can make a debug build by:

cd ../debug”
echo make popf3-clp
echo
echo Or, for a release build:n;
echo
echo cd ../release“
make popf3-clp
